"Task Aware Debugger for GDB" version 11.4.0 (202108190644)
(c) 2016-2021 NXP Semiconductors, Inc.
==================================
15:41:02.942 INFO: [TadModel] DSF session ID 36 has started.
15:41:14.916 INFO: [TadState] TAD state changed: DEBUG_STARTED -> DEBUG_INIT_0 (RESUMED, USER_REQUEST)
15:41:15.207 INFO: [TadState] TAD state changed: DEBUG_INIT_0 -> DEBUG_INIT_1 (SUSPENDED, SIGNAL)
15:41:16.804 INFO: [TadState] TAD state changed: DEBUG_INIT_1 -> DEBUG_SUSPENDED (RESUMED, USER_REQUEST)
15:41:17.129 INFO: [TadState] TAD state changed: DEBUG_SUSPENDED -> DEBUG_SUSPENDED (SUSPENDED, BREAKPOINT)
15:41:21.354 INFO: [TadState] TAD state changed: DEBUG_SUSPENDED -> DEBUG_RESUMED (RESUMED, USER_REQUEST)
15:41:22.718 INFO: [TadState] TAD state changed: DEBUG_RESUMED -> READY (SUSPENDED, BREAKPOINT)
15:41:31.18 INFO: [TadState] TAD state changed: READY -> DEBUG_RESUMED (RESUMED, USER_REQUEST)
15:41:31.573 INFO: [TadState] TAD state changed: DEBUG_RESUMED -> READY (SUSPENDED, BREAKPOINT)
15:41:50.731 INFO: [TadState] TAD state changed: READY -> DEBUG_RESUMED (RESUMED, STEP)
15:41:51.804 INFO: [TadState] TAD state changed: DEBUG_RESUMED -> READY (SUSPENDED, STEP)
15:41:52.190 INFO: [TadState] TAD state changed: READY -> DEBUG_RESUMED (RESUMED, STEP)
15:41:53.97 INFO: [TadState] TAD state changed: DEBUG_RESUMED -> READY (SUSPENDED, STEP)
15:42:07.795 INFO: [TadState] TAD state changed: READY -> DEBUG_RESUMED (RESUMED, STEP)
15:42:08.208 INFO: [TadState] TAD state changed: DEBUG_RESUMED -> READY (SUSPENDED, STEP)
15:42:13.451 INFO: [TadState] TAD state changed: READY -> DEBUG_RESUMED (RESUMED, STEP)
15:42:13.875 INFO: [TadState] TAD state changed: DEBUG_RESUMED -> READY (SUSPENDED, STEP)
15:42:14.722 INFO: [TadState] TAD state changed: READY -> DEBUG_RESUMED (RESUMED, STEP)
15:42:15.170 INFO: [TadState] TAD state changed: DEBUG_RESUMED -> READY (SUSPENDED, STEP)
15:42:15.802 INFO: [TadState] TAD state changed: READY -> DEBUG_RESUMED (RESUMED, STEP)
15:42:16.445 INFO: [TadState] TAD state changed: DEBUG_RESUMED -> READY (SUSPENDED, STEP)
15:42:20.904 INFO: [TadModel] DSF session ID 36 has ended.
